2020.06.28 19:00:36 INFO  started: Metals version 0.9.0 in workspace '/home/tm/Documents/elixirEuler'
2020.06.28 19:00:37 INFO  time: initialize in 0.99s
2020.06.28 19:00:37 WARN  no build tool detected in workspace '/home/tm/Documents/elixirEuler'. The most common cause for this problem is that the editor was opened in the wrong working directory, for example if you use sbt then the workspace directory should contain build.sbt. 
2020.06.28 19:00:37 INFO  no build target: using presentation compiler with only scala-library
2020.06.28 19:00:39 WARN  no build target for: /home/tm/Documents/euler/euler/src/re/1r/problems/62.scala
2020.06.28 19:00:39 WARN  no build target for: /home/tm/Documents/euler/euler/src/re/1r/problems/61.scala
Jun 28, 2020 7:00:39 PM org.eclipse.lsp4j.jsonrpc.RemoteEndpoint handleCancellation
WARNING: Unmatched cancel notification for request id 4
Jun 28, 2020 7:00:39 PM org.eclipse.lsp4j.jsonrpc.RemoteEndpoint handleCancellation
WARNING: Unmatched cancel notification for request id 2
2020.06.28 19:00:45 WARN  no build target for: /home/tm/Documents/euler/euler/src/re/1r/utils/numberops.scala
2020.06.29 10:47:08 INFO  started: Metals version 0.9.0 in workspace '/home/tm/Documents/elixirEuler'
2020.06.29 10:47:09 INFO  time: initialize in 0.99s
2020.06.29 10:47:09 WARN  no build tool detected in workspace '/home/tm/Documents/elixirEuler'. The most common cause for this problem is that the editor was opened in the wrong working directory, for example if you use sbt then the workspace directory should contain build.sbt. 
2020.06.29 10:47:09 INFO  no build target: using presentation compiler with only scala-library
2020.06.29 10:47:11 WARN  no build target for: /home/tm/Documents/euler/euler/src/re/1r/problems/61.scala
2020.06.29 13:07:10 WARN  no build target for: /home/tm/Documents/euler/euler/src/re/1r/utils/numberops.scala
2020.06.29 13:10:29 WARN  no build target for: /home/tm/Documents/euler/euler/src/re/1r/utils/numberops.scala
2020.06.29 13:10:59 WARN  no build target for: /home/tm/Documents/euler/euler/src/re/1r/utils/numberops.scala
2020.06.29 13:11:30 WARN  no build tool detected in workspace '/home/tm/Documents/elixirEuler'. The most common cause for this problem is that the editor was opened in the wrong working directory, for example if you use sbt then the workspace directory should contain build.sbt. 
2020.06.29 13:11:34 WARN  no build target for: /home/tm/Documents/euler/euler/src/re/1r/problems/61.scala
2020.06.29 13:11:36 WARN  no build target for: /home/tm/Documents/euler/euler/src/re/1r/problems/61.scala
2020.06.29 13:12:25 WARN  no build target for: /home/tm/Documents/euler/euler/src/re/1r/problems/61.scala
2020.06.29 13:13:01 WARN  no build target for: /home/tm/Documents/euler/euler/src/re/1r/utils/numberops.scala
2020.06.29 13:14:05 WARN  no build tool detected in workspace '/home/tm/Documents/elixirEuler'. The most common cause for this problem is that the editor was opened in the wrong working directory, for example if you use sbt then the workspace directory should contain build.sbt. 
2020.06.29 13:14:05 WARN  no build tool detected in workspace '/home/tm/Documents/elixirEuler'. The most common cause for this problem is that the editor was opened in the wrong working directory, for example if you use sbt then the workspace directory should contain build.sbt. 
2020.06.29 13:14:05 WARN  no build tool detected in workspace '/home/tm/Documents/elixirEuler'. The most common cause for this problem is that the editor was opened in the wrong working directory, for example if you use sbt then the workspace directory should contain build.sbt. 
2020.06.29 13:14:15 WARN  no build target for: /home/tm/Documents/euler/euler/src/re/1r/problems/61.scala
2020.06.29 13:14:23 WARN  no build target for: /home/tm/Documents/euler/euler/src/re/1r/problems/61.scala
2020.06.29 13:14:32 WARN  no build tool detected in workspace '/home/tm/Documents/elixirEuler'. The most common cause for this problem is that the editor was opened in the wrong working directory, for example if you use sbt then the workspace directory should contain build.sbt. 
2020.06.29 13:14:34 WARN  no build target for: /home/tm/Documents/euler/euler/src/re/1r/problems/61.scala
2020.06.29 13:14:35 WARN  no build tool detected in workspace '/home/tm/Documents/elixirEuler'. The most common cause for this problem is that the editor was opened in the wrong working directory, for example if you use sbt then the workspace directory should contain build.sbt. 
2020.06.29 13:14:35 WARN  no build tool detected in workspace '/home/tm/Documents/elixirEuler'. The most common cause for this problem is that the editor was opened in the wrong working directory, for example if you use sbt then the workspace directory should contain build.sbt. 
2020.06.29 13:14:35 WARN  no build tool detected in workspace '/home/tm/Documents/elixirEuler'. The most common cause for this problem is that the editor was opened in the wrong working directory, for example if you use sbt then the workspace directory should contain build.sbt. 
2020.06.29 13:14:36 WARN  no build tool detected in workspace '/home/tm/Documents/elixirEuler'. The most common cause for this problem is that the editor was opened in the wrong working directory, for example if you use sbt then the workspace directory should contain build.sbt. 
2020.06.29 13:15:06 WARN  no build target for: /home/tm/Documents/euler/euler/src/re/1r/problems/61.scala
2020.06.29 13:15:37 WARN  no build tool detected in workspace '/home/tm/Documents/elixirEuler'. The most common cause for this problem is that the editor was opened in the wrong working directory, for example if you use sbt then the workspace directory should contain build.sbt. 
2020.06.29 13:15:37 WARN  no build tool detected in workspace '/home/tm/Documents/elixirEuler'. The most common cause for this problem is that the editor was opened in the wrong working directory, for example if you use sbt then the workspace directory should contain build.sbt. 
2020.06.29 13:15:51 WARN  no build target for: /home/tm/Documents/euler/euler/src/re/1r/problems/61.scala
2020.06.29 13:16:10 WARN  no build target for: /home/tm/Documents/euler/euler/src/re/1r/problems/61.scala
2020.06.29 13:16:27 WARN  no build tool detected in workspace '/home/tm/Documents/elixirEuler'. The most common cause for this problem is that the editor was opened in the wrong working directory, for example if you use sbt then the workspace directory should contain build.sbt. 
2020.06.29 13:16:27 WARN  no build target for: /home/tm/Documents/euler/euler/src/re/1r/problems/61.scala
2020.06.29 13:16:35 WARN  no build target for: /home/tm/Documents/euler/euler/src/re/1r/problems/61.scala
2020.06.29 13:16:47 WARN  no build target for: /home/tm/Documents/euler/euler/src/re/1r/problems/61.scala
2020.06.29 13:18:38 WARN  no build tool detected in workspace '/home/tm/Documents/elixirEuler'. The most common cause for this problem is that the editor was opened in the wrong working directory, for example if you use sbt then the workspace directory should contain build.sbt. 
2020.06.29 13:18:38 WARN  no build tool detected in workspace '/home/tm/Documents/elixirEuler'. The most common cause for this problem is that the editor was opened in the wrong working directory, for example if you use sbt then the workspace directory should contain build.sbt. 
2020.06.29 13:19:00 WARN  no build target for: /home/tm/Documents/euler/euler/src/re/1r/problems/61.scala
2020.06.29 13:19:08 WARN  no build target for: /home/tm/Documents/euler/euler/src/re/1r/problems/61.scala
2020.06.29 13:19:27 WARN  no build target for: /home/tm/Documents/euler/euler/src/re/1r/problems/61.scala
2020.06.29 14:09:00 WARN  no build tool detected in workspace '/home/tm/Documents/elixirEuler'. The most common cause for this problem is that the editor was opened in the wrong working directory, for example if you use sbt then the workspace directory should contain build.sbt. 
2020.06.29 14:09:00 WARN  no build tool detected in workspace '/home/tm/Documents/elixirEuler'. The most common cause for this problem is that the editor was opened in the wrong working directory, for example if you use sbt then the workspace directory should contain build.sbt. 
2020.06.29 14:09:00 WARN  no build tool detected in workspace '/home/tm/Documents/elixirEuler'. The most common cause for this problem is that the editor was opened in the wrong working directory, for example if you use sbt then the workspace directory should contain build.sbt. 
2020.06.29 14:21:36 WARN  no build target for: /home/tm/Documents/euler/euler/src/re/1r/problems/61.scala
2020.06.29 14:21:53 WARN  no build target for: /home/tm/Documents/euler/euler/src/re/1r/problems/61.scala
2020.06.29 14:22:08 WARN  no build tool detected in workspace '/home/tm/Documents/elixirEuler'. The most common cause for this problem is that the editor was opened in the wrong working directory, for example if you use sbt then the workspace directory should contain build.sbt. 
2020.06.29 14:22:10 WARN  no build target for: /home/tm/Documents/euler/euler/src/re/1r/problems/61.scala
2020.06.29 14:24:58 WARN  no build tool detected in workspace '/home/tm/Documents/elixirEuler'. The most common cause for this problem is that the editor was opened in the wrong working directory, for example if you use sbt then the workspace directory should contain build.sbt. 
2020.06.29 14:45:58 WARN  no build target for: /home/tm/Documents/euler/euler/src/re/1r/problems/61.scala
2020.06.29 14:45:58 WARN  no build target for: /home/tm/Documents/euler/euler/src/re/1r/problems/61.scala
2020.06.29 14:46:00 WARN  no build target for: /home/tm/Documents/euler/euler/src/re/1r/problems/61.scala
2020.06.29 14:46:11 WARN  no build target for: /home/tm/Documents/euler/euler/src/re/1r/problems/61.scala
2020.06.29 14:46:11 WARN  no build tool detected in workspace '/home/tm/Documents/elixirEuler'. The most common cause for this problem is that the editor was opened in the wrong working directory, for example if you use sbt then the workspace directory should contain build.sbt. 
2020.06.29 14:46:11 WARN  no build target for: /home/tm/Documents/euler/euler/src/re/1r/problems/61.scala
2020.06.29 14:46:17 WARN  no build target for: /home/tm/Documents/euler/euler/src/re/1r/problems/61.scala
2020.06.29 14:46:19 WARN  no build target for: /home/tm/Documents/euler/euler/src/re/1r/problems/61.scala
Jun 29, 2020 2:47:16 PM org.eclipse.lsp4j.jsonrpc.services.GenericEndpoint notify
INFO: Unsupported notification method: $/setTraceNotification
2020.06.29 14:47:18 INFO  shutting down Metals
2020.06.29 14:47:23 INFO  started: Metals version 0.9.0 in workspace '/home/tm/Documents/elixirEuler'
2020.06.29 14:47:24 INFO  time: initialize in 1s
2020.06.29 14:47:25 WARN  no build tool detected in workspace '/home/tm/Documents/elixirEuler'. The most common cause for this problem is that the editor was opened in the wrong working directory, for example if you use sbt then the workspace directory should contain build.sbt. 
2020.06.29 14:48:02 INFO  no build target: using presentation compiler with only scala-library
2020.06.29 14:48:04 WARN  no build target for: /home/tm/Documents/euler/euler/src/re/1r/problems/61.scala
Jun 29, 2020 2:48:04 PM org.eclipse.lsp4j.jsonrpc.RemoteEndpoint handleCancellation
WARNING: Unmatched cancel notification for request id 1
Jun 29, 2020 2:48:45 PM org.eclipse.lsp4j.jsonrpc.services.GenericEndpoint notify
INFO: Unsupported notification method: $/setTraceNotification
Jun 29, 2020 2:48:45 PM org.eclipse.lsp4j.jsonrpc.services.GenericEndpoint notify
INFO: Unsupported notification method: $/setTraceNotification
2020.06.29 15:12:28 INFO  shutting down Metals
